c:\users\alessio\downloads\glfw-3.3.2 (1)\glfw-3.3.2\build\examples\offscreen.dir\debug\vc142.pdb
c:\users\alessio\downloads\glfw-3.3.2 (1)\glfw-3.3.2\build\examples\offscreen.dir\debug\glad_gl.obj
c:\users\alessio\downloads\glfw-3.3.2 (1)\glfw-3.3.2\build\examples\offscreen.dir\debug\offscreen.obj
c:\users\alessio\downloads\glfw-3.3.2 (1)\glfw-3.3.2\build\examples\cmakefiles\generate.stamp
c:\users\alessio\downloads\glfw-3.3.2 (1)\glfw-3.3.2\build\examples\debug\offscreen.ilk
c:\users\alessio\downloads\glfw-3.3.2 (1)\glfw-3.3.2\build\examples\debug\offscreen.exe
c:\users\alessio\downloads\glfw-3.3.2 (1)\glfw-3.3.2\build\examples\debug\offscreen.pdb
c:\users\alessio\downloads\glfw-3.3.2 (1)\glfw-3.3.2\build\examples\offscreen.dir\debug\glfw.res
c:\users\alessio\downloads\glfw-3.3.2 (1)\glfw-3.3.2\build\examples\offscreen.dir\debug\offscreen.tlog\cl.command.1.tlog
c:\users\alessio\downloads\glfw-3.3.2 (1)\glfw-3.3.2\build\examples\offscreen.dir\debug\offscreen.tlog\cl.read.1.tlog
c:\users\alessio\downloads\glfw-3.3.2 (1)\glfw-3.3.2\build\examples\offscreen.dir\debug\offscreen.tlog\cl.write.1.tlog
c:\users\alessio\downloads\glfw-3.3.2 (1)\glfw-3.3.2\build\examples\offscreen.dir\debug\offscreen.tlog\custombuild.command.1.tlog
c:\users\alessio\downloads\glfw-3.3.2 (1)\glfw-3.3.2\build\examples\offscreen.dir\debug\offscreen.tlog\custombuild.read.1.tlog
c:\users\alessio\downloads\glfw-3.3.2 (1)\glfw-3.3.2\build\examples\offscreen.dir\debug\offscreen.tlog\custombuild.write.1.tlog
c:\users\alessio\downloads\glfw-3.3.2 (1)\glfw-3.3.2\build\examples\offscreen.dir\debug\offscreen.tlog\link.command.1.tlog
c:\users\alessio\downloads\glfw-3.3.2 (1)\glfw-3.3.2\build\examples\offscreen.dir\debug\offscreen.tlog\link.read.1.tlog
c:\users\alessio\downloads\glfw-3.3.2 (1)\glfw-3.3.2\build\examples\offscreen.dir\debug\offscreen.tlog\link.write.1.tlog
c:\users\alessio\downloads\glfw-3.3.2 (1)\glfw-3.3.2\build\examples\offscreen.dir\debug\offscreen.tlog\rc.command.1.tlog
c:\users\alessio\downloads\glfw-3.3.2 (1)\glfw-3.3.2\build\examples\offscreen.dir\debug\offscreen.tlog\rc.read.1.tlog
c:\users\alessio\downloads\glfw-3.3.2 (1)\glfw-3.3.2\build\examples\offscreen.dir\debug\offscreen.tlog\rc.write.1.tlog
