c:\users\alessio\downloads\glfw-3.3.2 (1)\glfw-3.3.2\build\examples\wave.dir\debug\vc142.pdb
c:\users\alessio\downloads\glfw-3.3.2 (1)\glfw-3.3.2\build\examples\wave.dir\debug\glad_gl.obj
c:\users\alessio\downloads\glfw-3.3.2 (1)\glfw-3.3.2\build\examples\wave.dir\debug\wave.obj
c:\users\alessio\downloads\glfw-3.3.2 (1)\glfw-3.3.2\build\examples\cmakefiles\generate.stamp
c:\users\alessio\downloads\glfw-3.3.2 (1)\glfw-3.3.2\build\examples\debug\wave.ilk
c:\users\alessio\downloads\glfw-3.3.2 (1)\glfw-3.3.2\build\examples\debug\wave.exe
c:\users\alessio\downloads\glfw-3.3.2 (1)\glfw-3.3.2\build\examples\debug\wave.pdb
c:\users\alessio\downloads\glfw-3.3.2 (1)\glfw-3.3.2\build\examples\wave.dir\debug\glfw.res
c:\users\alessio\downloads\glfw-3.3.2 (1)\glfw-3.3.2\build\examples\wave.dir\debug\wave.tlog\cl.command.1.tlog
c:\users\alessio\downloads\glfw-3.3.2 (1)\glfw-3.3.2\build\examples\wave.dir\debug\wave.tlog\cl.read.1.tlog
c:\users\alessio\downloads\glfw-3.3.2 (1)\glfw-3.3.2\build\examples\wave.dir\debug\wave.tlog\cl.write.1.tlog
c:\users\alessio\downloads\glfw-3.3.2 (1)\glfw-3.3.2\build\examples\wave.dir\debug\wave.tlog\custombuild.command.1.tlog
c:\users\alessio\downloads\glfw-3.3.2 (1)\glfw-3.3.2\build\examples\wave.dir\debug\wave.tlog\custombuild.read.1.tlog
c:\users\alessio\downloads\glfw-3.3.2 (1)\glfw-3.3.2\build\examples\wave.dir\debug\wave.tlog\custombuild.write.1.tlog
c:\users\alessio\downloads\glfw-3.3.2 (1)\glfw-3.3.2\build\examples\wave.dir\debug\wave.tlog\link.command.1.tlog
c:\users\alessio\downloads\glfw-3.3.2 (1)\glfw-3.3.2\build\examples\wave.dir\debug\wave.tlog\link.read.1.tlog
c:\users\alessio\downloads\glfw-3.3.2 (1)\glfw-3.3.2\build\examples\wave.dir\debug\wave.tlog\link.write.1.tlog
c:\users\alessio\downloads\glfw-3.3.2 (1)\glfw-3.3.2\build\examples\wave.dir\debug\wave.tlog\rc.command.1.tlog
c:\users\alessio\downloads\glfw-3.3.2 (1)\glfw-3.3.2\build\examples\wave.dir\debug\wave.tlog\rc.read.1.tlog
c:\users\alessio\downloads\glfw-3.3.2 (1)\glfw-3.3.2\build\examples\wave.dir\debug\wave.tlog\rc.write.1.tlog
