c:\users\alessio\downloads\glfw-3.3.2 (1)\glfw-3.3.2\build\examples\gears.dir\debug\vc142.pdb
c:\users\alessio\downloads\glfw-3.3.2 (1)\glfw-3.3.2\build\examples\gears.dir\debug\glad_gl.obj
c:\users\alessio\downloads\glfw-3.3.2 (1)\glfw-3.3.2\build\examples\gears.dir\debug\gears.obj
c:\users\alessio\downloads\glfw-3.3.2 (1)\glfw-3.3.2\build\examples\cmakefiles\generate.stamp
c:\users\alessio\downloads\glfw-3.3.2 (1)\glfw-3.3.2\build\examples\debug\gears.ilk
c:\users\alessio\downloads\glfw-3.3.2 (1)\glfw-3.3.2\build\examples\debug\gears.exe
c:\users\alessio\downloads\glfw-3.3.2 (1)\glfw-3.3.2\build\examples\debug\gears.pdb
c:\users\alessio\downloads\glfw-3.3.2 (1)\glfw-3.3.2\build\examples\gears.dir\debug\glfw.res
c:\users\alessio\downloads\glfw-3.3.2 (1)\glfw-3.3.2\build\examples\gears.dir\debug\gears.tlog\cl.command.1.tlog
c:\users\alessio\downloads\glfw-3.3.2 (1)\glfw-3.3.2\build\examples\gears.dir\debug\gears.tlog\cl.read.1.tlog
c:\users\alessio\downloads\glfw-3.3.2 (1)\glfw-3.3.2\build\examples\gears.dir\debug\gears.tlog\cl.write.1.tlog
c:\users\alessio\downloads\glfw-3.3.2 (1)\glfw-3.3.2\build\examples\gears.dir\debug\gears.tlog\custombuild.command.1.tlog
c:\users\alessio\downloads\glfw-3.3.2 (1)\glfw-3.3.2\build\examples\gears.dir\debug\gears.tlog\custombuild.read.1.tlog
c:\users\alessio\downloads\glfw-3.3.2 (1)\glfw-3.3.2\build\examples\gears.dir\debug\gears.tlog\custombuild.write.1.tlog
c:\users\alessio\downloads\glfw-3.3.2 (1)\glfw-3.3.2\build\examples\gears.dir\debug\gears.tlog\link.command.1.tlog
c:\users\alessio\downloads\glfw-3.3.2 (1)\glfw-3.3.2\build\examples\gears.dir\debug\gears.tlog\link.read.1.tlog
c:\users\alessio\downloads\glfw-3.3.2 (1)\glfw-3.3.2\build\examples\gears.dir\debug\gears.tlog\link.write.1.tlog
c:\users\alessio\downloads\glfw-3.3.2 (1)\glfw-3.3.2\build\examples\gears.dir\debug\gears.tlog\rc.command.1.tlog
c:\users\alessio\downloads\glfw-3.3.2 (1)\glfw-3.3.2\build\examples\gears.dir\debug\gears.tlog\rc.read.1.tlog
c:\users\alessio\downloads\glfw-3.3.2 (1)\glfw-3.3.2\build\examples\gears.dir\debug\gears.tlog\rc.write.1.tlog
