c:\users\alessio\downloads\glfw-3.3.2 (1)\glfw-3.3.2\build\examples\boing.dir\debug\vc142.pdb
c:\users\alessio\downloads\glfw-3.3.2 (1)\glfw-3.3.2\build\examples\boing.dir\debug\glad_gl.obj
c:\users\alessio\downloads\glfw-3.3.2 (1)\glfw-3.3.2\build\examples\boing.dir\debug\boing.obj
c:\users\alessio\downloads\glfw-3.3.2 (1)\glfw-3.3.2\build\examples\cmakefiles\generate.stamp
c:\users\alessio\downloads\glfw-3.3.2 (1)\glfw-3.3.2\build\examples\debug\boing.ilk
c:\users\alessio\downloads\glfw-3.3.2 (1)\glfw-3.3.2\build\examples\debug\boing.exe
c:\users\alessio\downloads\glfw-3.3.2 (1)\glfw-3.3.2\build\examples\debug\boing.pdb
c:\users\alessio\downloads\glfw-3.3.2 (1)\glfw-3.3.2\build\examples\boing.dir\debug\glfw.res
c:\users\alessio\downloads\glfw-3.3.2 (1)\glfw-3.3.2\build\examples\boing.dir\debug\boing.tlog\cl.command.1.tlog
c:\users\alessio\downloads\glfw-3.3.2 (1)\glfw-3.3.2\build\examples\boing.dir\debug\boing.tlog\cl.read.1.tlog
c:\users\alessio\downloads\glfw-3.3.2 (1)\glfw-3.3.2\build\examples\boing.dir\debug\boing.tlog\cl.write.1.tlog
c:\users\alessio\downloads\glfw-3.3.2 (1)\glfw-3.3.2\build\examples\boing.dir\debug\boing.tlog\custombuild.command.1.tlog
c:\users\alessio\downloads\glfw-3.3.2 (1)\glfw-3.3.2\build\examples\boing.dir\debug\boing.tlog\custombuild.read.1.tlog
c:\users\alessio\downloads\glfw-3.3.2 (1)\glfw-3.3.2\build\examples\boing.dir\debug\boing.tlog\custombuild.write.1.tlog
c:\users\alessio\downloads\glfw-3.3.2 (1)\glfw-3.3.2\build\examples\boing.dir\debug\boing.tlog\link.command.1.tlog
c:\users\alessio\downloads\glfw-3.3.2 (1)\glfw-3.3.2\build\examples\boing.dir\debug\boing.tlog\link.read.1.tlog
c:\users\alessio\downloads\glfw-3.3.2 (1)\glfw-3.3.2\build\examples\boing.dir\debug\boing.tlog\link.write.1.tlog
c:\users\alessio\downloads\glfw-3.3.2 (1)\glfw-3.3.2\build\examples\boing.dir\debug\boing.tlog\rc.command.1.tlog
c:\users\alessio\downloads\glfw-3.3.2 (1)\glfw-3.3.2\build\examples\boing.dir\debug\boing.tlog\rc.read.1.tlog
c:\users\alessio\downloads\glfw-3.3.2 (1)\glfw-3.3.2\build\examples\boing.dir\debug\boing.tlog\rc.write.1.tlog
